#
# There is insufficient memory for the Java Runtime Environment to continue.
# Native memory allocation (mmap) failed to map 134217728 bytes for G1 virtual space
# Possible reasons:
#   The system is out of physical RAM or swap space
#   The process is running with CompressedOops enabled, and the Java Heap may be blocking the growth of the native heap
# Possible solutions:
#   Reduce memory load on the system
#   Increase physical memory or swap space
#   Check if swap backing store is full
#   Decrease Java heap size (-Xmx/-Xms)
#   Decrease number of Java threads
#   Decrease Java thread stack sizes (-Xss)
#   Set larger code cache with -XX:ReservedCodeCacheSize=
#   JVM is running with Unscaled Compressed Oops mode in which the Java heap is
#     placed in the first 4GB address space. The Java Heap base address is the
#     maximum limit for the native heap growth. Please use -XX:HeapBaseMinAddress
#     to set the Java Heap base and to place the Java Heap above 4GB virtual address.
# This output file may be truncated or incomplete.
#
#  Out of Memory Error (os_windows.cpp:3532), pid=13000, tid=19244
#
# JRE version:  (17.0.2+8) (build )
# Java VM: Java HotSpot(TM) 64-Bit Server VM (17.0.2+8-LTS-86, mixed mode, sharing, tiered, compressed oops, compressed class ptrs, g1 gc, windows-amd64)
# No core dump will be written. Minidumps are not enabled by default on client versions of Windows
#

---------------  S U M M A R Y ------------

Command Line: -Dfile.encoding=UTF-8 university.management.system.Marks

Host: Intel(R) Core(TM) i5-6200U CPU @ 2.30GHz, 4 cores, 7G,  Windows 10 , 64 bit Build 19041 (10.0.19041.1741)
Time: Tue Jul 19 13:54:50 2022 India Standard Time elapsed time: 0.265133 seconds (0d 0h 0m 0s)

---------------  T H R E A D  ---------------

Current thread (0x000002c4b22bb840):  JavaThread "Unknown thread" [_thread_in_vm, id=19244, stack(0x000000e17b400000,0x000000e17b500000)]

Stack: [0x000000e17b400000,0x000000e17b500000]
Native frames: (J=compiled Java code, j=interpreted, Vv=VM code, C=native code)
V  [jvm.dll+0x670baa]
V  [jvm.dll+0x7cfcb4]
V  [jvm.dll+0x7d145e]
V  [jvm.dll+0x7d1ac3]
V  [jvm.dll+0x242bc5]
V  [jvm.dll+0x66dac9]
V  [jvm.dll+0x662412]
V  [jvm.dll+0x300c0b]
V  [jvm.dll+0x3081a6]
V  [jvm.dll+0x357d0e]
V  [jvm.dll+0x357f3f]
V  [jvm.dll+0x2d7ec8]
V  [jvm.dll+0x2d8e34]
V  [jvm.dll+0x7a18c1]
V  [jvm.dll+0x365a91]
V  [jvm.dll+0x780d2c]
V  [jvm.dll+0x3e845f]
V  [jvm.dll+0x3e9f01]
C  [jli.dll+0x527b]
C  [ucrtbase.dll+0x21bb2]
C  [KERNEL32.DLL+0x17034]
C  [ntdll.dll+0x52651]


---------------  P R O C E S S  ---------------

Threads class SMR info:
_java_thread_list=0x00007ff9e59e9858, length=0, elements={
}

Java Threads: ( => current thread )

Other Threads:
  0x000002c4b22f91d0 GCTaskThread "GC Thread#0" [stack: 0x000000e17b500000,0x000000e17b600000] [id=24980]
  0x000002c4b230bba0 ConcurrentGCThread "G1 Main Marker" [stack: 0x000000e17b600000,0x000000e17b700000] [id=24872]
  0x000002c4b230c360 ConcurrentGCThread "G1 Conc#0" [stack: 0x000000e17b700000,0x000000e17b800000] [id=21428]

[error occurred during error reporting (printing all threads), id 0xc0000005, EXCEPTION_ACCESS_VIOLATION (0xc0000005) at pc=0x00007ff9e52388a7]

VM state: not at safepoint (not fully initialized)

VM Mutex/Monitor currently owned by a thread:  ([mutex/lock_event])
[0x000002c4b22b5ea0] Heap_lock - owner thread: 0x000002c4b22bb840

Heap address: 0x0000000081a00000, size: 2022 MB, Compressed Oops mode: 32-bit

CDS archive(s) mapped at: [0x0000000000000000-0x0000000000000000-0x0000000000000000), size 0, SharedBaseAddress: 0x0000000800000000, ArchiveRelocationMode: 0.
Narrow klass base: 0x0000000000000000, Narrow klass shift: 0, Narrow klass range: 0x0

GC Precious Log:
<Empty>

Heap:
 garbage-first heap   total 0K, used 0K [0x0000000081a00000, 0x0000000100000000)
  region size 1024K, 0 young (0K), 0 survivors (0K)

[error occurred during error reporting (printing heap information), id 0xc0000005, EXCEPTION_ACCESS_VIOLATION (0xc0000005) at pc=0x00007ff9e5619f19]

GC Heap History (0 events):
No events

Deoptimization events (0 events):
No events

Classes unloaded (0 events):
No events

Classes redefined (0 events):
No events

Internal exceptions (0 events):
No events

VM Operations (0 events):
No events

Events (1 events):
Event: 0.015 Loaded shared library C:\Program Files\Java\jdk-17.0.2\bin\java.dll


Dynamic libraries:
0x00007ff7b2df0000 - 0x00007ff7b2e00000 	C:\Program Files\Java\jdk-17.0.2\bin\java.exe
0x00007ffa38f10000 - 0x00007ffa39107000 	C:\Windows\SYSTEM32\ntdll.dll
0x00007ffa379d0000 - 0x00007ffa37a8d000 	C:\Windows\System32\KERNEL32.DLL
0x00007ffa36810000 - 0x00007ffa36add000 	C:\Windows\System32\KERNELBASE.dll
0x00007ffa36630000 - 0x00007ffa36730000 	C:\Windows\System32\ucrtbase.dll
0x00007ffa16e60000 - 0x00007ffa16e7a000 	C:\Program Files\Java\jdk-17.0.2\bin\VCRUNTIME140.dll
0x00007ffa1fa00000 - 0x00007ffa1fa18000 	C:\Program Files\Java\jdk-17.0.2\bin\jli.dll
0x00007ffa386d0000 - 0x00007ffa3877e000 	C:\Windows\System32\ADVAPI32.dll
0x00007ffa38270000 - 0x00007ffa3830e000 	C:\Windows\System32\msvcrt.dll
0x00007ffa376f0000 - 0x00007ffa3778c000 	C:\Windows\System32\sechost.dll
0x00007ffa36f70000 - 0x00007ffa37095000 	C:\Windows\System32\RPCRT4.dll
0x00007ffa37ec0000 - 0x00007ffa38060000 	C:\Windows\System32\USER32.dll
0x00007ffa36de0000 - 0x00007ffa36e02000 	C:\Windows\System32\win32u.dll
0x00007ffa37bb0000 - 0x00007ffa37bda000 	C:\Windows\System32\GDI32.dll
0x00007ffa36ae0000 - 0x00007ffa36beb000 	C:\Windows\System32\gdi32full.dll
0x00007ffa36e10000 - 0x00007ffa36ead000 	C:\Windows\System32\msvcp_win.dll
0x00007ffa27fd0000 - 0x00007ffa2826a000 	C:\Windows\WinSxS\amd64_microsoft.windows.common-controls_6595b64144ccf1df_6.0.19041.1110_none_60b5254171f9507e\COMCTL32.dll
0x00007ffa2cfb0000 - 0x00007ffa2cfba000 	C:\Windows\SYSTEM32\VERSION.dll
0x00007ffa37250000 - 0x00007ffa37280000 	C:\Windows\System32\IMM32.DLL
0x00007ffa16e30000 - 0x00007ffa16e3c000 	C:\Program Files\Java\jdk-17.0.2\bin\vcruntime140_1.dll
0x00007ffa066a0000 - 0x00007ffa0672d000 	C:\Program Files\Java\jdk-17.0.2\bin\msvcp140.dll
0x00007ff9e4f50000 - 0x00007ff9e5b11000 	C:\Program Files\Java\jdk-17.0.2\bin\server\jvm.dll
0x00007ffa37790000 - 0x00007ffa37798000 	C:\Windows\System32\PSAPI.DLL
0x00007ffa344a0000 - 0x00007ffa344a9000 	C:\Windows\SYSTEM32\WSOCK32.dll
0x00007ffa37b40000 - 0x00007ffa37bab000 	C:\Windows\System32\WS2_32.dll
0x00007ffa27d80000 - 0x00007ffa27da7000 	C:\Windows\SYSTEM32\WINMM.dll
0x00007ffa345c0000 - 0x00007ffa345d2000 	C:\Windows\SYSTEM32\kernel.appcore.dll
0x00007ffa16e20000 - 0x00007ffa16e2a000 	C:\Program Files\Java\jdk-17.0.2\bin\jimage.dll
0x00007ffa34250000 - 0x00007ffa34434000 	C:\Windows\SYSTEM32\DBGHELP.DLL
0x00007ffa23870000 - 0x00007ffa2389c000 	C:\Windows\SYSTEM32\dbgcore.DLL
0x00007ffa36bf0000 - 0x00007ffa36c72000 	C:\Windows\System32\bcryptPrimitives.dll
0x00007ffa16a50000 - 0x00007ffa16a75000 	C:\Program Files\Java\jdk-17.0.2\bin\java.dll

dbghelp: loaded successfully - version: 4.0.5 - missing functions: none
symbol engine: initialized successfully - sym options: 0x614 - pdb path: .;C:\Program Files\Java\jdk-17.0.2\bin;C:\Windows\SYSTEM32;C:\Windows\WinSxS\amd64_microsoft.windows.common-controls_6595b64144ccf1df_6.0.19041.1110_none_60b5254171f9507e;C:\Program Files\Java\jdk-17.0.2\bin\server

VM Arguments:
jvm_args: -Dfile.encoding=UTF-8 
java_command: university.management.system.Marks
java_class_path (initial): E:\JAVA\rs2xml.jar;C:\Users\ooo\Downloads\mysql-connector-java-8.0.28.jar;E:\JAVA\jcalendar-tz-1.3.3-4.jar;E:\JAVA\University-Management-System\University Management System\build\classes
Launcher Type: SUN_STANDARD

[Global flags]
     intx CICompilerCount                          = 3                                         {product} {ergonomic}
     uint ConcGCThreads                            = 1                                         {product} {ergonomic}
     uint G1ConcRefinementThreads                  = 4                                         {product} {ergonomic}
   size_t G1HeapRegionSize                         = 1048576                                   {product} {ergonomic}
    uintx GCDrainStackTargetSize                   = 64                                        {product} {ergonomic}
   size_t InitialHeapSize                          = 134217728                                 {product} {ergonomic}
   size_t MarkStackSize                            = 4194304                                   {product} {ergonomic}
   size_t MaxHeapSize                              = 2120220672                                {product} {ergonomic}
   size_t MinHeapDeltaBytes                        = 1048576                                   {product} {ergonomic}
   size_t MinHeapSize                              = 8388608                                   {product} {ergonomic}
    uintx NonNMethodCodeHeapSize                   = 5832780                                {pd product} {ergonomic}
    uintx NonProfiledCodeHeapSize                  = 122912730                              {pd product} {ergonomic}
    uintx ProfiledCodeHeapSize                     = 122912730                              {pd product} {ergonomic}
    uintx ReservedCodeCacheSize                    = 251658240                              {pd product} {ergonomic}
     bool SegmentedCodeCache                       = true                                      {product} {ergonomic}
   size_t SoftMaxHeapSize                          = 2120220672                             {manageable} {ergonomic}
     bool UseCompressedClassPointers               = true                           {product lp64_product} {ergonomic}
     bool UseCompressedOops                        = true                           {product lp64_product} {ergonomic}
     bool UseG1GC                                  = true                                      {product} {ergonomic}
     bool UseLargePagesIndividualAllocation        = false                                  {pd product} {ergonomic}

Logging:
Log output configuration:
 #0: stdout all=warning uptime,level,tags
 #1: stderr all=off uptime,level,tags

Environment Variables:
PATH=C:\Program Files\Common Files\Oracle\Java\javapath;C:\Windows\system32;C:\Windows;C:\Windows\System32\Wbem;C:\Windows\System32\WindowsPowerShell\v1.0\;C:\Windows\System32\OpenSSH\;C:\Program Files\nodejs\;C:\Program Files\Git\cmd;C:\Program Files\Java\jdk-17.0.2\bin;C:\Program Files\MySQL\MySQL Shell 8.0\bin\;C:\Users\ooo\AppData\Local\Microsoft\WindowsApps;C:\Users\ooo\AppData\Roaming\npm;C:\Users\ooo\AppData\Local\Programs\Microsoft VS Code\bin;C:\Program Files\heroku\bin
USERNAME=ooo
OS=Windows_NT
PROCESSOR_IDENTIFIER=Intel64 Family 6 Model 78 Stepping 3, GenuineIntel



---------------  S Y S T E M  ---------------

OS:
 Windows 10 , 64 bit Build 19041 (10.0.19041.1741)
OS uptime: 5 days 1:22 hours

CPU: total 4 (initial active 4) (2 cores per cpu, 2 threads per core) family 6 model 78 stepping 3 microcode 0xcc, cx8, cmov, fxsr, ht, mmx, 3dnowpref, sse, sse2, sse3, ssse3, sse4.1, sse4.2, popcnt, lzcnt, tsc, tscinvbit, avx, avx2, aes, erms, clmul, bmi1, bmi2, adx, fma, vzeroupper, clflush, clflushopt

Memory: 4k page, system-wide physical 8083M (1007M free)
TotalPageFile size 27252M (AvailPageFile size 45M)
current process WorkingSet (physical memory assigned to process): 10M, peak: 10M
current process commit charge ("private bytes"): 51M, peak: 179M

vm_info: Java HotSpot(TM) 64-Bit Server VM (17.0.2+8-LTS-86) for windows-amd64 JRE (17.0.2+8-LTS-86), built on Dec  7 2021 21:51:03 by "mach5one" with MS VC++ 16.8 / 16.9 (VS2019)

END.
